<?xml version="1.0" encoding="UTF-8"?>
<!-- Generated by org.testng.reporters.JUnitXMLReporter -->
<testsuite hostname="ajay-PC" name="Test1" tests="12" failures="1" timestamp="2 Jul 2017 10:40:37 GMT" time="35.668" errors="0">
  <testcase name="launchApp" time="9.886" classname="herokuapp.ColumnHeaders"/>
  <testcase name="maximizeApp" time="0.02" classname="herokuapp.ColumnHeaders"/>
  <testcase name="verifyColumnHeader" time="0.271" classname="herokuapp.ColumnHeaders"/>
  <testcase name="closeBrowser" time="0.07" classname="herokuapp.ColumnHeaders"/>
  <testcase name="launchApp" time="8.108" classname="herokuapp.ValidateFooterLink"/>
  <testcase name="maximizeApp" time="0.01" classname="herokuapp.ValidateFooterLink"/>
  <testcase name="verifyFooterLnk" time="5.296" classname="herokuapp.ValidateFooterLink"/>
  <testcase name="closeBrowser" time="1.239" classname="herokuapp.ValidateFooterLink"/>
  <testcase name="launchApp" time="7.595" classname="herokuapp.VerifyAnswerCode"/>
  <testcase name="maximizeApp" time="0.01" classname="herokuapp.VerifyAnswerCode"/>
  <testcase name="verifyCode" time="3.059" classname="herokuapp.VerifyAnswerCode">
    <failure type="java.lang.StringIndexOutOfBoundsException" message="String index out of range: -6711">
      <![CDATA[java.lang.StringIndexOutOfBoundsException: String index out of range: -6711
	at java.lang.String.substring(Unknown Source)
	at herokuapp.VerifyAnswerCode.verifyCode(VerifyAnswerCode.java:41)
... Removed 24 stack frames]]>
    </failure>
  </testcase> <!-- verifyCode -->
  <testcase name="closeBrowser" time="0.081" classname="herokuapp.VerifyAnswerCode"/>
</testsuite> <!-- Test1 -->
